INFO  21-10-30 12:00:15[main] [CakeApplication:55] - Starting CakeApplication using Java 11.0.13 on DESKTOP-K3EURMC with PID 9592 (C:\Users\gyxor\Desktop\아주대\원티드해커톤\cake-be\cake\build\classes\java\main started by gyxor in C:\Users\gyxor\Desktop\아주대\원티드해커톤\cake-be\cake)
INFO  21-10-30 12:00:15[main] [CakeApplication:659] - No active profile set, falling back to default profiles: default
INFO  21-10-30 12:00:16[main] [RepositoryConfigurationDelegate:132] - Bootstrapping Spring Data JPA repositories in DEFAULT mode.
INFO  21-10-30 12:00:16[main] [RepositoryConfigurationDelegate:201] - Finished Spring Data repository scanning in 7 ms. Found 0 JPA repository interfaces.
INFO  21-10-30 12:00:16[main] [TomcatWebServer:108] - Tomcat initialized with port(s): 8080 (http)
INFO  21-10-30 12:00:16[main] [Http11NioProtocol:173] - Initializing ProtocolHandler ["http-nio-8080"]
INFO  21-10-30 12:00:16[main] [StandardService:173] - Starting service [Tomcat]
INFO  21-10-30 12:00:16[main] [StandardEngine:173] - Starting Servlet engine: [Apache Tomcat/9.0.54]
INFO  21-10-30 12:00:16[main] [[/]:173] - Initializing Spring embedded WebApplicationContext
INFO  21-10-30 12:00:16[main] [ServletWebServerApplicationContext:290] - Root WebApplicationContext: initialization completed in 1360 ms
DEBUG 21-10-30 12:00:17[main] [CommonsRequestLoggingFilter:242] - Filter 'commonsRequestLoggingFilter' configured for use
INFO  21-10-30 12:00:17[main] [LogHelper:31] - HHH000204: Processing PersistenceUnitInfo [name: default]
INFO  21-10-30 12:00:17[main] [Version:44] - HHH000412: Hibernate ORM core version 5.4.32.Final
INFO  21-10-30 12:00:17[main] [Version:56] - HCANN000001: Hibernate Commons Annotations {5.1.2.Final}
INFO  21-10-30 12:00:17[main] [HikariDataSource:110] - HikariPool-1 - Starting...
INFO  21-10-30 12:00:17[main] [HikariDataSource:123] - HikariPool-1 - Start completed.
INFO  21-10-30 12:00:17[main] [Dialect:175] - HHH000400: Using dialect: org.hibernate.dialect.MySQL5InnoDBDialect
INFO  21-10-30 12:00:17[main] [JtaPlatformInitiator:52] - HHH000490: Using JtaPlatform implementation: [org.hibernate.engine.transaction.jta.platform.internal.NoJtaPlatform]
INFO  21-10-30 12:00:17[main] [LocalContainerEntityManagerFactoryBean:437] - Initialized JPA EntityManagerFactory for persistence unit 'default'
INFO  21-10-30 12:00:17[main] [UserDetailsServiceAutoConfiguration:86] - 

Using generated security password: f559696c-dd7b-4fff-a2fc-40bb0fa62a5e

INFO  21-10-30 12:00:18[main] [DefaultSecurityFilterChain:51] - Will secure any request with [org.springframework.security.web.context.request.async.WebAsyncManagerIntegrationFilter@2976ca51, org.springframework.security.web.context.SecurityContextPersistenceFilter@44de8e00, org.springframework.security.web.header.HeaderWriterFilter@286a4c52, org.springframework.security.web.authentication.logout.LogoutFilter@30228de7, org.springframework.security.web.savedrequest.RequestCacheAwareFilter@4d825dbe, org.springframework.security.web.servletapi.SecurityContextHolderAwareRequestFilter@7f4f1536, org.springframework.security.web.authentication.AnonymousAuthenticationFilter@6b091a92, org.springframework.security.web.session.SessionManagementFilter@780129bc, org.springframework.security.web.access.ExceptionTranslationFilter@356341c9]
DEBUG 21-10-30 12:00:18[main] [RequestMappingHandlerAdapter:625] - ControllerAdvice beans: 0 @ModelAttribute, 0 @InitBinder, 1 RequestBodyAdvice, 1 ResponseBodyAdvice
DEBUG 21-10-30 12:00:18[main] [RequestMappingHandlerMapping:367] - 2 mappings in 'requestMappingHandlerMapping'
DEBUG 21-10-30 12:00:18[main] [SimpleUrlHandlerMapping:188] - Patterns [/webjars/**, /**] in 'resourceHandlerMapping'
DEBUG 21-10-30 12:00:18[main] [ExceptionHandlerExceptionResolver:307] - ControllerAdvice beans: 0 @ExceptionHandler, 1 ResponseBodyAdvice
INFO  21-10-30 12:00:18[main] [Http11NioProtocol:173] - Starting ProtocolHandler ["http-nio-8080"]
INFO  21-10-30 12:00:18[main] [TomcatWebServer:220] - Tomcat started on port(s): 8080 (http) with context path ''
INFO  21-10-30 12:00:18[main] [CakeApplication:61] - Started CakeApplication in 3.494 seconds (JVM running for 4.683)
INFO  21-10-30 12:00:42[http-nio-8080-exec-1] [[/]:173] - Initializing Spring DispatcherServlet 'dispatcherServlet'
INFO  21-10-30 12:00:42[http-nio-8080-exec-1] [DispatcherServlet:525] - Initializing Servlet 'dispatcherServlet'
DEBUG 21-10-30 12:00:42[http-nio-8080-exec-1] [DispatcherServlet:520] - Detected StandardServletMultipartResolver
DEBUG 21-10-30 12:00:42[http-nio-8080-exec-1] [DispatcherServlet:544] - Detected AcceptHeaderLocaleResolver
DEBUG 21-10-30 12:00:42[http-nio-8080-exec-1] [DispatcherServlet:569] - Detected FixedThemeResolver
DEBUG 21-10-30 12:00:42[http-nio-8080-exec-1] [DispatcherServlet:719] - Detected org.springframework.web.servlet.view.DefaultRequestToViewNameTranslator@7b2e931
DEBUG 21-10-30 12:00:42[http-nio-8080-exec-1] [DispatcherServlet:783] - Detected org.springframework.web.servlet.support.SessionFlashMapManager@4e96cb04
DEBUG 21-10-30 12:00:42[http-nio-8080-exec-1] [DispatcherServlet:542] - enableLoggingRequestDetails='false': request parameters and headers will be masked to prevent unsafe logging of potentially sensitive data
INFO  21-10-30 12:00:42[http-nio-8080-exec-1] [DispatcherServlet:547] - Completed initialization in 4 ms
DEBUG 21-10-30 12:00:42[http-nio-8080-exec-1] [CommonsRequestLoggingFilter:47] - Before request [GET /, client=0:0:0:0:0:0:0:1, headers=[host:"localhost:8080", connection:"keep-alive", sec-ch-ua:""Google Chrome";v="95", "Chromium";v="95", ";Not A Brand";v="99"", sec-ch-ua-mobile:"?0", sec-ch-ua-platform:""Windows"", upgrade-insecure-requests:"1", user-agent:"Mozilla/5.0 (Windows NT 10.0; Win64; x64) AppleWebKit/537.36 (KHTML, like Gecko) Chrome/95.0.4638.69 Safari/537.36", accept:"text/html,application/xhtml+xml,application/xml;q=0.9,image/avif,image/webp,image/apng,*/*;q=0.8,application/signed-exchange;v=b3;q=0.9", purpose:"prefetch", sec-fetch-site:"none", sec-fetch-mode:"navigate", sec-fetch-user:"?1", sec-fetch-dest:"document", accept-encoding:"gzip, deflate, br", accept-language:"ko-KR,ko;q=0.9,en-US;q=0.8,en;q=0.7"]]
DEBUG 21-10-30 12:00:42[http-nio-8080-exec-1] [DispatcherServlet:107] - GET "/", parameters={}
DEBUG 21-10-30 12:00:42[http-nio-8080-exec-1] [SimpleUrlHandlerMapping:522] - Mapped to ResourceHttpRequestHandler [classpath [static/], ServletContext [/]]
DEBUG 21-10-30 12:00:42[http-nio-8080-exec-1] [ResourceHttpRequestHandler:530] - Resource not found
DEBUG 21-10-30 12:00:42[http-nio-8080-exec-1] [DispatcherServlet:1131] - Completed 404 NOT_FOUND
DEBUG 21-10-30 12:00:42[http-nio-8080-exec-1] [CommonsRequestLoggingFilter:55] - After request [GET /, client=0:0:0:0:0:0:0:1, headers=[host:"localhost:8080", connection:"keep-alive", sec-ch-ua:""Google Chrome";v="95", "Chromium";v="95", ";Not A Brand";v="99"", sec-ch-ua-mobile:"?0", sec-ch-ua-platform:""Windows"", upgrade-insecure-requests:"1", user-agent:"Mozilla/5.0 (Windows NT 10.0; Win64; x64) AppleWebKit/537.36 (KHTML, like Gecko) Chrome/95.0.4638.69 Safari/537.36", accept:"text/html,application/xhtml+xml,application/xml;q=0.9,image/avif,image/webp,image/apng,*/*;q=0.8,application/signed-exchange;v=b3;q=0.9", purpose:"prefetch", sec-fetch-site:"none", sec-fetch-mode:"navigate", sec-fetch-user:"?1", sec-fetch-dest:"document", accept-encoding:"gzip, deflate, br", accept-language:"ko-KR,ko;q=0.9,en-US;q=0.8,en;q=0.7"]]
DEBUG 21-10-30 12:00:42[http-nio-8080-exec-1] [DispatcherServlet:107] - "ERROR" dispatch for GET "/error", parameters={}
DEBUG 21-10-30 12:00:42[http-nio-8080-exec-1] [RequestMappingHandlerMapping:522] - Mapped to org.springframework.boot.autoconfigure.web.servlet.error.BasicErrorController#errorHtml(HttpServletRequest, HttpServletResponse)
DEBUG 21-10-30 12:00:42[http-nio-8080-exec-1] [ContentNegotiatingViewResolver:349] - Selected 'text/html' given [text/html, text/html;q=0.8]
DEBUG 21-10-30 12:00:42[http-nio-8080-exec-1] [DispatcherServlet:1127] - Exiting from "ERROR" dispatch, status 404
DEBUG 21-10-30 12:00:43[http-nio-8080-exec-2] [CommonsRequestLoggingFilter:47] - Before request [GET /, client=0:0:0:0:0:0:0:1, headers=[host:"localhost:8080", connection:"keep-alive", sec-ch-ua:""Google Chrome";v="95", "Chromium";v="95", ";Not A Brand";v="99"", sec-ch-ua-mobile:"?0", sec-ch-ua-platform:""Windows"", upgrade-insecure-requests:"1", user-agent:"Mozilla/5.0 (Windows NT 10.0; Win64; x64) AppleWebKit/537.36 (KHTML, like Gecko) Chrome/95.0.4638.69 Safari/537.36", accept:"text/html,application/xhtml+xml,application/xml;q=0.9,image/avif,image/webp,image/apng,*/*;q=0.8,application/signed-exchange;v=b3;q=0.9", sec-fetch-site:"none", sec-fetch-mode:"navigate", sec-fetch-user:"?1", sec-fetch-dest:"document", accept-encoding:"gzip, deflate, br", accept-language:"ko-KR,ko;q=0.9,en-US;q=0.8,en;q=0.7"]]
DEBUG 21-10-30 12:00:43[http-nio-8080-exec-2] [DispatcherServlet:107] - GET "/", parameters={}
DEBUG 21-10-30 12:00:43[http-nio-8080-exec-2] [SimpleUrlHandlerMapping:522] - Mapped to ResourceHttpRequestHandler [classpath [static/], ServletContext [/]]
DEBUG 21-10-30 12:00:43[http-nio-8080-exec-2] [ResourceHttpRequestHandler:530] - Resource not found
DEBUG 21-10-30 12:00:43[http-nio-8080-exec-2] [DispatcherServlet:1131] - Completed 404 NOT_FOUND
DEBUG 21-10-30 12:00:43[http-nio-8080-exec-2] [CommonsRequestLoggingFilter:55] - After request [GET /, client=0:0:0:0:0:0:0:1, headers=[host:"localhost:8080", connection:"keep-alive", sec-ch-ua:""Google Chrome";v="95", "Chromium";v="95", ";Not A Brand";v="99"", sec-ch-ua-mobile:"?0", sec-ch-ua-platform:""Windows"", upgrade-insecure-requests:"1", user-agent:"Mozilla/5.0 (Windows NT 10.0; Win64; x64) AppleWebKit/537.36 (KHTML, like Gecko) Chrome/95.0.4638.69 Safari/537.36", accept:"text/html,application/xhtml+xml,application/xml;q=0.9,image/avif,image/webp,image/apng,*/*;q=0.8,application/signed-exchange;v=b3;q=0.9", sec-fetch-site:"none", sec-fetch-mode:"navigate", sec-fetch-user:"?1", sec-fetch-dest:"document", accept-encoding:"gzip, deflate, br", accept-language:"ko-KR,ko;q=0.9,en-US;q=0.8,en;q=0.7"]]
DEBUG 21-10-30 12:00:43[http-nio-8080-exec-2] [DispatcherServlet:107] - "ERROR" dispatch for GET "/error", parameters={}
DEBUG 21-10-30 12:00:43[http-nio-8080-exec-2] [RequestMappingHandlerMapping:522] - Mapped to org.springframework.boot.autoconfigure.web.servlet.error.BasicErrorController#errorHtml(HttpServletRequest, HttpServletResponse)
DEBUG 21-10-30 12:00:43[http-nio-8080-exec-2] [ContentNegotiatingViewResolver:349] - Selected 'text/html' given [text/html, text/html;q=0.8]
DEBUG 21-10-30 12:00:43[http-nio-8080-exec-2] [DispatcherServlet:1127] - Exiting from "ERROR" dispatch, status 404
DEBUG 21-10-30 12:00:44[http-nio-8080-exec-3] [CommonsRequestLoggingFilter:47] - Before request [GET /favicon.ico, client=0:0:0:0:0:0:0:1, headers=[host:"localhost:8080", connection:"keep-alive", sec-ch-ua:""Google Chrome";v="95", "Chromium";v="95", ";Not A Brand";v="99"", sec-ch-ua-mobile:"?0", user-agent:"Mozilla/5.0 (Windows NT 10.0; Win64; x64) AppleWebKit/537.36 (KHTML, like Gecko) Chrome/95.0.4638.69 Safari/537.36", sec-ch-ua-platform:""Windows"", accept:"image/avif,image/webp,image/apng,image/svg+xml,image/*,*/*;q=0.8", sec-fetch-site:"same-origin", sec-fetch-mode:"no-cors", sec-fetch-dest:"image", referer:"http://localhost:8080/", accept-encoding:"gzip, deflate, br", accept-language:"ko-KR,ko;q=0.9,en-US;q=0.8,en;q=0.7"]]
DEBUG 21-10-30 12:00:44[http-nio-8080-exec-3] [DispatcherServlet:107] - GET "/favicon.ico", parameters={}
DEBUG 21-10-30 12:00:44[http-nio-8080-exec-3] [SimpleUrlHandlerMapping:522] - Mapped to ResourceHttpRequestHandler [classpath [static/], ServletContext [/]]
DEBUG 21-10-30 12:00:44[http-nio-8080-exec-3] [ResourceHttpRequestHandler:530] - Resource not found
DEBUG 21-10-30 12:00:44[http-nio-8080-exec-3] [DispatcherServlet:1131] - Completed 404 NOT_FOUND
DEBUG 21-10-30 12:00:44[http-nio-8080-exec-3] [CommonsRequestLoggingFilter:55] - After request [GET /favicon.ico, client=0:0:0:0:0:0:0:1, headers=[host:"localhost:8080", connection:"keep-alive", sec-ch-ua:""Google Chrome";v="95", "Chromium";v="95", ";Not A Brand";v="99"", sec-ch-ua-mobile:"?0", user-agent:"Mozilla/5.0 (Windows NT 10.0; Win64; x64) AppleWebKit/537.36 (KHTML, like Gecko) Chrome/95.0.4638.69 Safari/537.36", sec-ch-ua-platform:""Windows"", accept:"image/avif,image/webp,image/apng,image/svg+xml,image/*,*/*;q=0.8", sec-fetch-site:"same-origin", sec-fetch-mode:"no-cors", sec-fetch-dest:"image", referer:"http://localhost:8080/", accept-encoding:"gzip, deflate, br", accept-language:"ko-KR,ko;q=0.9,en-US;q=0.8,en;q=0.7"]]
DEBUG 21-10-30 12:00:44[http-nio-8080-exec-3] [DispatcherServlet:107] - "ERROR" dispatch for GET "/error", parameters={}
DEBUG 21-10-30 12:00:44[http-nio-8080-exec-3] [RequestMappingHandlerMapping:522] - Mapped to org.springframework.boot.autoconfigure.web.servlet.error.BasicErrorController#error(HttpServletRequest)
DEBUG 21-10-30 12:00:44[http-nio-8080-exec-3] [HttpEntityMethodProcessor:268] - Using 'application/json;q=0.8', given [image/avif, image/webp, image/apng, image/svg+xml, image/*, */*;q=0.8] and supported [application/json, application/*+json, application/json, application/*+json]
DEBUG 21-10-30 12:00:44[http-nio-8080-exec-3] [HttpEntityMethodProcessor:107] - Writing [{timestamp=Sat Oct 30 12:00:44 KST 2021, status=404, error=Not Found, path=/favicon.ico}]
DEBUG 21-10-30 12:00:44[http-nio-8080-exec-3] [DispatcherServlet:1127] - Exiting from "ERROR" dispatch, status 404
INFO  21-10-30 12:06:51[SpringApplicationShutdownHook] [LocalContainerEntityManagerFactoryBean:651] - Closing JPA EntityManagerFactory for persistence unit 'default'
INFO  21-10-30 12:06:51[SpringApplicationShutdownHook] [HikariDataSource:350] - HikariPool-1 - Shutdown initiated...
INFO  21-10-30 12:06:51[SpringApplicationShutdownHook] [HikariDataSource:352] - HikariPool-1 - Shutdown completed.
INFO  21-10-30 12:06:57[main] [CakeApplication:55] - Starting CakeApplication using Java 11.0.13 on DESKTOP-K3EURMC with PID 9000 (C:\Users\gyxor\Desktop\아주대\원티드해커톤\cake-be\cake\build\classes\java\main started by gyxor in C:\Users\gyxor\Desktop\아주대\원티드해커톤\cake-be\cake)
INFO  21-10-30 12:06:57[main] [CakeApplication:659] - No active profile set, falling back to default profiles: default
INFO  21-10-30 12:06:57[main] [RepositoryConfigurationDelegate:132] - Bootstrapping Spring Data JPA repositories in DEFAULT mode.
INFO  21-10-30 12:06:57[main] [RepositoryConfigurationDelegate:201] - Finished Spring Data repository scanning in 6 ms. Found 0 JPA repository interfaces.
INFO  21-10-30 12:06:58[main] [TomcatWebServer:108] - Tomcat initialized with port(s): 8080 (http)
INFO  21-10-30 12:06:58[main] [Http11NioProtocol:173] - Initializing ProtocolHandler ["http-nio-8080"]
INFO  21-10-30 12:06:58[main] [StandardService:173] - Starting service [Tomcat]
INFO  21-10-30 12:06:58[main] [StandardEngine:173] - Starting Servlet engine: [Apache Tomcat/9.0.54]
INFO  21-10-30 12:06:58[main] [[/]:173] - Initializing Spring embedded WebApplicationContext
INFO  21-10-30 12:06:58[main] [ServletWebServerApplicationContext:290] - Root WebApplicationContext: initialization completed in 1218 ms
DEBUG 21-10-30 12:06:58[main] [CommonsRequestLoggingFilter:242] - Filter 'commonsRequestLoggingFilter' configured for use
INFO  21-10-30 12:06:58[main] [LogHelper:31] - HHH000204: Processing PersistenceUnitInfo [name: default]
INFO  21-10-30 12:06:58[main] [Version:44] - HHH000412: Hibernate ORM core version 5.4.32.Final
INFO  21-10-30 12:06:58[main] [Version:56] - HCANN000001: Hibernate Commons Annotations {5.1.2.Final}
INFO  21-10-30 12:06:58[main] [HikariDataSource:110] - HikariPool-1 - Starting...
INFO  21-10-30 12:06:59[main] [HikariDataSource:123] - HikariPool-1 - Start completed.
INFO  21-10-30 12:06:59[main] [Dialect:175] - HHH000400: Using dialect: org.hibernate.dialect.MySQL5InnoDBDialect
INFO  21-10-30 12:06:59[main] [JtaPlatformInitiator:52] - HHH000490: Using JtaPlatform implementation: [org.hibernate.engine.transaction.jta.platform.internal.NoJtaPlatform]
INFO  21-10-30 12:06:59[main] [LocalContainerEntityManagerFactoryBean:437] - Initialized JPA EntityManagerFactory for persistence unit 'default'
INFO  21-10-30 12:06:59[main] [UserDetailsServiceAutoConfiguration:86] - 

Using generated security password: cb8eec3a-7e44-42dc-9078-6eb1baaad6f4

INFO  21-10-30 12:06:59[main] [DefaultSecurityFilterChain:51] - Will secure any request with [org.springframework.security.web.context.request.async.WebAsyncManagerIntegrationFilter@2976ca51, org.springframework.security.web.context.SecurityContextPersistenceFilter@44de8e00, org.springframework.security.web.header.HeaderWriterFilter@286a4c52, org.springframework.security.web.authentication.logout.LogoutFilter@30228de7, org.springframework.security.web.savedrequest.RequestCacheAwareFilter@4d825dbe, org.springframework.security.web.servletapi.SecurityContextHolderAwareRequestFilter@7f4f1536, org.springframework.security.web.authentication.AnonymousAuthenticationFilter@6b091a92, org.springframework.security.web.session.SessionManagementFilter@780129bc, org.springframework.security.web.access.ExceptionTranslationFilter@356341c9]
DEBUG 21-10-30 12:06:59[main] [RequestMappingHandlerAdapter:625] - ControllerAdvice beans: 0 @ModelAttribute, 0 @InitBinder, 1 RequestBodyAdvice, 1 ResponseBodyAdvice
DEBUG 21-10-30 12:06:59[main] [RequestMappingHandlerMapping:367] - 2 mappings in 'requestMappingHandlerMapping'
DEBUG 21-10-30 12:06:59[main] [SimpleUrlHandlerMapping:188] - Patterns [/webjars/**, /**] in 'resourceHandlerMapping'
DEBUG 21-10-30 12:06:59[main] [ExceptionHandlerExceptionResolver:307] - ControllerAdvice beans: 0 @ExceptionHandler, 1 ResponseBodyAdvice
INFO  21-10-30 12:06:59[main] [Http11NioProtocol:173] - Starting ProtocolHandler ["http-nio-8080"]
INFO  21-10-30 12:06:59[main] [TomcatWebServer:220] - Tomcat started on port(s): 8080 (http) with context path ''
INFO  21-10-30 12:06:59[main] [CakeApplication:61] - Started CakeApplication in 3.338 seconds (JVM running for 4.368)
INFO  21-10-30 12:07:08[http-nio-8080-exec-1] [[/]:173] - Initializing Spring DispatcherServlet 'dispatcherServlet'
INFO  21-10-30 12:07:08[http-nio-8080-exec-1] [DispatcherServlet:525] - Initializing Servlet 'dispatcherServlet'
DEBUG 21-10-30 12:07:08[http-nio-8080-exec-1] [DispatcherServlet:520] - Detected StandardServletMultipartResolver
DEBUG 21-10-30 12:07:08[http-nio-8080-exec-1] [DispatcherServlet:544] - Detected AcceptHeaderLocaleResolver
DEBUG 21-10-30 12:07:08[http-nio-8080-exec-1] [DispatcherServlet:569] - Detected FixedThemeResolver
DEBUG 21-10-30 12:07:08[http-nio-8080-exec-1] [DispatcherServlet:719] - Detected org.springframework.web.servlet.view.DefaultRequestToViewNameTranslator@6bc25ac2
DEBUG 21-10-30 12:07:08[http-nio-8080-exec-1] [DispatcherServlet:783] - Detected org.springframework.web.servlet.support.SessionFlashMapManager@1a336906
DEBUG 21-10-30 12:07:08[http-nio-8080-exec-1] [DispatcherServlet:542] - enableLoggingRequestDetails='false': request parameters and headers will be masked to prevent unsafe logging of potentially sensitive data
INFO  21-10-30 12:07:08[http-nio-8080-exec-1] [DispatcherServlet:547] - Completed initialization in 4 ms
DEBUG 21-10-30 12:07:08[http-nio-8080-exec-1] [CommonsRequestLoggingFilter:47] - Before request [GET /, client=0:0:0:0:0:0:0:1, headers=[host:"localhost:8080", connection:"keep-alive", sec-ch-ua:""Google Chrome";v="95", "Chromium";v="95", ";Not A Brand";v="99"", sec-ch-ua-mobile:"?0", sec-ch-ua-platform:""Windows"", upgrade-insecure-requests:"1", user-agent:"Mozilla/5.0 (Windows NT 10.0; Win64; x64) AppleWebKit/537.36 (KHTML, like Gecko) Chrome/95.0.4638.69 Safari/537.36", accept:"text/html,application/xhtml+xml,application/xml;q=0.9,image/avif,image/webp,image/apng,*/*;q=0.8,application/signed-exchange;v=b3;q=0.9", purpose:"prefetch", sec-fetch-site:"none", sec-fetch-mode:"navigate", sec-fetch-user:"?1", sec-fetch-dest:"document", accept-encoding:"gzip, deflate, br", accept-language:"ko-KR,ko;q=0.9,en-US;q=0.8,en;q=0.7"]]
DEBUG 21-10-30 12:07:08[http-nio-8080-exec-1] [DispatcherServlet:107] - GET "/", parameters={}
DEBUG 21-10-30 12:07:08[http-nio-8080-exec-1] [SimpleUrlHandlerMapping:522] - Mapped to ResourceHttpRequestHandler [classpath [static/], ServletContext [/]]
DEBUG 21-10-30 12:07:08[http-nio-8080-exec-1] [ResourceHttpRequestHandler:530] - Resource not found
DEBUG 21-10-30 12:07:08[http-nio-8080-exec-1] [DispatcherServlet:1131] - Completed 404 NOT_FOUND
DEBUG 21-10-30 12:07:08[http-nio-8080-exec-1] [CommonsRequestLoggingFilter:55] - After request [GET /, client=0:0:0:0:0:0:0:1, headers=[host:"localhost:8080", connection:"keep-alive", sec-ch-ua:""Google Chrome";v="95", "Chromium";v="95", ";Not A Brand";v="99"", sec-ch-ua-mobile:"?0", sec-ch-ua-platform:""Windows"", upgrade-insecure-requests:"1", user-agent:"Mozilla/5.0 (Windows NT 10.0; Win64; x64) AppleWebKit/537.36 (KHTML, like Gecko) Chrome/95.0.4638.69 Safari/537.36", accept:"text/html,application/xhtml+xml,application/xml;q=0.9,image/avif,image/webp,image/apng,*/*;q=0.8,application/signed-exchange;v=b3;q=0.9", purpose:"prefetch", sec-fetch-site:"none", sec-fetch-mode:"navigate", sec-fetch-user:"?1", sec-fetch-dest:"document", accept-encoding:"gzip, deflate, br", accept-language:"ko-KR,ko;q=0.9,en-US;q=0.8,en;q=0.7"]]
DEBUG 21-10-30 12:07:08[http-nio-8080-exec-1] [DispatcherServlet:107] - "ERROR" dispatch for GET "/error", parameters={}
DEBUG 21-10-30 12:07:08[http-nio-8080-exec-1] [RequestMappingHandlerMapping:522] - Mapped to org.springframework.boot.autoconfigure.web.servlet.error.BasicErrorController#errorHtml(HttpServletRequest, HttpServletResponse)
DEBUG 21-10-30 12:07:08[http-nio-8080-exec-1] [ContentNegotiatingViewResolver:349] - Selected 'text/html' given [text/html, text/html;q=0.8]
DEBUG 21-10-30 12:07:08[http-nio-8080-exec-1] [DispatcherServlet:1127] - Exiting from "ERROR" dispatch, status 404
DEBUG 21-10-30 12:07:12[http-nio-8080-exec-2] [CommonsRequestLoggingFilter:47] - Before request [GET /, client=0:0:0:0:0:0:0:1, headers=[host:"localhost:8080", connection:"keep-alive", sec-ch-ua:""Google Chrome";v="95", "Chromium";v="95", ";Not A Brand";v="99"", sec-ch-ua-mobile:"?0", sec-ch-ua-platform:""Windows"", upgrade-insecure-requests:"1", user-agent:"Mozilla/5.0 (Windows NT 10.0; Win64; x64) AppleWebKit/537.36 (KHTML, like Gecko) Chrome/95.0.4638.69 Safari/537.36", accept:"text/html,application/xhtml+xml,application/xml;q=0.9,image/avif,image/webp,image/apng,*/*;q=0.8,application/signed-exchange;v=b3;q=0.9", sec-fetch-site:"none", sec-fetch-mode:"navigate", sec-fetch-user:"?1", sec-fetch-dest:"document", accept-encoding:"gzip, deflate, br", accept-language:"ko-KR,ko;q=0.9,en-US;q=0.8,en;q=0.7"]]
DEBUG 21-10-30 12:07:12[http-nio-8080-exec-2] [DispatcherServlet:107] - GET "/", parameters={}
DEBUG 21-10-30 12:07:12[http-nio-8080-exec-2] [SimpleUrlHandlerMapping:522] - Mapped to ResourceHttpRequestHandler [classpath [static/], ServletContext [/]]
DEBUG 21-10-30 12:07:12[http-nio-8080-exec-2] [ResourceHttpRequestHandler:530] - Resource not found
DEBUG 21-10-30 12:07:12[http-nio-8080-exec-2] [DispatcherServlet:1131] - Completed 404 NOT_FOUND
DEBUG 21-10-30 12:07:12[http-nio-8080-exec-2] [CommonsRequestLoggingFilter:55] - After request [GET /, client=0:0:0:0:0:0:0:1, headers=[host:"localhost:8080", connection:"keep-alive", sec-ch-ua:""Google Chrome";v="95", "Chromium";v="95", ";Not A Brand";v="99"", sec-ch-ua-mobile:"?0", sec-ch-ua-platform:""Windows"", upgrade-insecure-requests:"1", user-agent:"Mozilla/5.0 (Windows NT 10.0; Win64; x64) AppleWebKit/537.36 (KHTML, like Gecko) Chrome/95.0.4638.69 Safari/537.36", accept:"text/html,application/xhtml+xml,application/xml;q=0.9,image/avif,image/webp,image/apng,*/*;q=0.8,application/signed-exchange;v=b3;q=0.9", sec-fetch-site:"none", sec-fetch-mode:"navigate", sec-fetch-user:"?1", sec-fetch-dest:"document", accept-encoding:"gzip, deflate, br", accept-language:"ko-KR,ko;q=0.9,en-US;q=0.8,en;q=0.7"]]
DEBUG 21-10-30 12:07:12[http-nio-8080-exec-2] [DispatcherServlet:107] - "ERROR" dispatch for GET "/error", parameters={}
DEBUG 21-10-30 12:07:12[http-nio-8080-exec-2] [RequestMappingHandlerMapping:522] - Mapped to org.springframework.boot.autoconfigure.web.servlet.error.BasicErrorController#errorHtml(HttpServletRequest, HttpServletResponse)
DEBUG 21-10-30 12:07:12[http-nio-8080-exec-2] [ContentNegotiatingViewResolver:349] - Selected 'text/html' given [text/html, text/html;q=0.8]
DEBUG 21-10-30 12:07:12[http-nio-8080-exec-2] [DispatcherServlet:1127] - Exiting from "ERROR" dispatch, status 404
